<?xml version="1.0" encoding="UTF-8"?>
<!-- Generated by org.testng.reporters.JUnitXMLReporter -->
<testsuite ignored="0" hostname="MohammadFayaz" failures="0" tests="6" name="Test(failed)" time="168.238" errors="0" timestamp="2024-08-30T18:37:54 IST">
  <testcase classname="testCases.TC003_LoginDDT" name="Verify_loginDDT" time="16.203"/>
  <testcase classname="testCases.TC003_LoginDDT" name="Verify_loginDDT" time="14.501"/>
  <testcase classname="testCases.TC003_LoginDDT" name="Verify_loginDDT" time="13.305"/>
  <testcase classname="testCases.TC003_LoginDDT" name="Verify_loginDDT" time="13.168"/>
  <testcase classname="testCases.TC003_LoginDDT" name="Verify_loginDDT" time="5.217"/>
  <testcase classname="testCases.TC003_LoginDDT" name="Verify_loginDDT" time="4.221"/>
</testsuite> <!-- Test(failed) -->
