<?xml version="1.0" encoding="UTF-8"?>
<testng-results ignored="0" total="2" passed="2" failed="0" skipped="0">
  <reporter-output>
  </reporter-output>
  <suite started-at="2024-08-31T21:21:36 IST" name="Suite" finished-at="2024-08-31T21:22:17 IST" duration-ms="41506">
    <groups>
    </groups>
    <test started-at="2024-08-31T21:21:36 IST" name="Test" finished-at="2024-08-31T21:22:17 IST" duration-ms="41506">
      <class name="testCases.TC001_AccountRegistration">
        <test-method is-config="true" signature="Setup(java.lang.String,java.lang.String)[pri:0, instance:testCases.TC001_AccountRegistration@47f4e407]" started-at="2024-08-31T21:21:36 IST" name="Setup" finished-at="2024-08-31T21:21:48 IST" duration-ms="11963" status="PASS">
          <params>
            <param index="0">
              <value>
                <![CDATA[Windows]]>
              </value>
            </param>
            <param index="1">
              <value>
                <![CDATA[chrome]]>
              </value>
            </param>
          </params>
          <reporter-output>
          </reporter-output>
        </test-method> <!-- Setup -->
        <test-method signature="Account_Registration()[pri:0, instance:testCases.TC001_AccountRegistration@47f4e407]" started-at="2024-08-31T21:21:48 IST" name="Account_Registration" finished-at="2024-08-31T21:21:52 IST" duration-ms="3639" status="PASS">
          <reporter-output>
          </reporter-output>
        </test-method> <!-- Account_Registration -->
        <test-method is-config="true" signature="teardown()[pri:0, instance:testCases.TC001_AccountRegistration@47f4e407]" started-at="2024-08-31T21:21:52 IST" name="teardown" finished-at="2024-08-31T21:21:54 IST" duration-ms="2215" status="PASS">
          <reporter-output>
          </reporter-output>
        </test-method> <!-- teardown -->
      </class> <!-- testCases.TC001_AccountRegistration -->
      <class name="testCases.TC002_LoginClass">
        <test-method is-config="true" signature="Setup(java.lang.String,java.lang.String)[pri:0, instance:testCases.TC002_LoginClass@fc258b1]" started-at="2024-08-31T21:21:54 IST" name="Setup" finished-at="2024-08-31T21:22:12 IST" duration-ms="17710" status="PASS">
          <params>
            <param index="0">
              <value>
                <![CDATA[Windows]]>
              </value>
            </param>
            <param index="1">
              <value>
                <![CDATA[chrome]]>
              </value>
            </param>
          </params>
          <reporter-output>
          </reporter-output>
        </test-method> <!-- Setup -->
        <test-method signature="Logintest()[pri:0, instance:testCases.TC002_LoginClass@fc258b1]" started-at="2024-08-31T21:22:12 IST" name="Logintest" finished-at="2024-08-31T21:22:14 IST" duration-ms="2534" status="PASS">
          <reporter-output>
          </reporter-output>
        </test-method> <!-- Logintest -->
        <test-method is-config="true" signature="teardown()[pri:0, instance:testCases.TC002_LoginClass@fc258b1]" started-at="2024-08-31T21:22:14 IST" name="teardown" finished-at="2024-08-31T21:22:17 IST" duration-ms="2989" status="PASS">
          <reporter-output>
          </reporter-output>
        </test-method> <!-- teardown -->
      </class> <!-- testCases.TC002_LoginClass -->
    </test> <!-- Test -->
  </suite> <!-- Suite -->
</testng-results>
