<?xml version="1.0" encoding="UTF-8"?>
<testng-results ignored="0" total="2" passed="2" failed="0" skipped="0">
  <reporter-output>
  </reporter-output>
  <suite started-at="2024-08-31T20:56:15 IST" name="Suite" finished-at="2024-08-31T20:56:50 IST" duration-ms="34692">
    <groups>
    </groups>
    <test started-at="2024-08-31T20:56:15 IST" name="Test" finished-at="2024-08-31T20:56:50 IST" duration-ms="34692">
      <class name="testCases.TC001_AccountRegistration">
        <test-method is-config="true" signature="Setup(java.lang.String,java.lang.String)[pri:0, instance:testCases.TC001_AccountRegistration@38f116f6]" started-at="2024-08-31T20:56:16 IST" name="Setup" finished-at="2024-08-31T20:56:30 IST" duration-ms="14572" status="PASS">
          <params>
            <param index="0">
              <value>
                <![CDATA[Windows]]>
              </value>
            </param>
            <param index="1">
              <value>
                <![CDATA[chrome]]>
              </value>
            </param>
          </params>
          <reporter-output>
          </reporter-output>
        </test-method> <!-- Setup -->
        <test-method signature="Account_Registration()[pri:0, instance:testCases.TC001_AccountRegistration@38f116f6]" started-at="2024-08-31T20:56:30 IST" name="Account_Registration" finished-at="2024-08-31T20:56:35 IST" duration-ms="4304" status="PASS">
          <reporter-output>
          </reporter-output>
        </test-method> <!-- Account_Registration -->
        <test-method is-config="true" signature="teardown()[pri:0, instance:testCases.TC001_AccountRegistration@38f116f6]" started-at="2024-08-31T20:56:35 IST" name="teardown" finished-at="2024-08-31T20:56:36 IST" duration-ms="970" status="PASS">
          <reporter-output>
          </reporter-output>
        </test-method> <!-- teardown -->
      </class> <!-- testCases.TC001_AccountRegistration -->
      <class name="testCases.TC002_LoginClass">
        <test-method is-config="true" signature="Setup(java.lang.String,java.lang.String)[pri:0, instance:testCases.TC002_LoginClass@5c530d1e]" started-at="2024-08-31T20:56:36 IST" name="Setup" finished-at="2024-08-31T20:56:47 IST" duration-ms="11306" status="PASS">
          <params>
            <param index="0">
              <value>
                <![CDATA[Windows]]>
              </value>
            </param>
            <param index="1">
              <value>
                <![CDATA[chrome]]>
              </value>
            </param>
          </params>
          <reporter-output>
          </reporter-output>
        </test-method> <!-- Setup -->
        <test-method signature="Logintest()[pri:0, instance:testCases.TC002_LoginClass@5c530d1e]" started-at="2024-08-31T20:56:47 IST" name="Logintest" finished-at="2024-08-31T20:56:50 IST" duration-ms="2475" status="PASS">
          <reporter-output>
          </reporter-output>
        </test-method> <!-- Logintest -->
        <test-method is-config="true" signature="teardown()[pri:0, instance:testCases.TC002_LoginClass@5c530d1e]" started-at="2024-08-31T20:56:50 IST" name="teardown" finished-at="2024-08-31T20:56:50 IST" duration-ms="336" status="PASS">
          <reporter-output>
          </reporter-output>
        </test-method> <!-- teardown -->
      </class> <!-- testCases.TC002_LoginClass -->
    </test> <!-- Test -->
  </suite> <!-- Suite -->
</testng-results>
